<?xml version="1.0" encoding="UTF-8"?>
<!-- Generated by org.testng.reporters.JUnitReportReporter -->
<testsuite hostname="BLR1-LT3BLGZH3" name="RESTAssured.RESTAssured.Customer" tests="3" failures="0" timestamp="25 May 2022 11:17:14 GMT" time="130.046" errors="0">
  <testcase name="getProduct" time="45.827" classname="RESTAssured.RESTAssured.Customer"/>
  <testcase name="getProduct" time="42.121" classname="RESTAssured.RESTAssured.Customer"/>
  <testcase name="getProduct" time="42.098" classname="RESTAssured.RESTAssured.Customer"/>
</testsuite> <!-- RESTAssured.RESTAssured.Customer -->
